<?xml version="1.0" encoding="UTF-8"?>
<testsuite xmlns:xsi="http://www.w3.org/2001/XMLSchema-instance" xsi:noNamespaceSchemaLocation="https://maven.apache.org/surefire/maven-surefire-plugin/xsd/surefire-test-report-3.0.xsd" version="3.0" name="testRunner.TestRunner" time="38.171" tests="2" errors="0" skipped="0" failures="0">
  <properties>
    <property name="sun.desktop" value="windows"/>
    <property name="awt.toolkit" value="sun.awt.windows.WToolkit"/>
    <property name="file.encoding.pkg" value="sun.io"/>
    <property name="java.specification.version" value="1.8"/>
    <property name="sun.cpu.isalist" value="amd64"/>
    <property name="sun.jnu.encoding" value="Cp1252"/>
    <property name="java.class.path" value="D:\Users\XP.Chaitanya.Buddi\eclipse-workspace\SeleniumCucumber\target\test-classes;D:\Users\XP.Chaitanya.Buddi\eclipse-workspace\SeleniumCucumber\target\classes;D:\Users\XP.Chaitanya.Buddi\.m2\repository\org\apache\maven\plugins\maven-compiler-plugin\3.8.1\maven-compiler-plugin-3.8.1.jar;D:\Users\XP.Chaitanya.Buddi\.m2\repository\org\apache\maven\maven-plugin-api\3.0\maven-plugin-api-3.0.jar;D:\Users\XP.Chaitanya.Buddi\.m2\repository\org\apache\maven\maven-model\3.0\maven-model-3.0.jar;D:\Users\XP.Chaitanya.Buddi\.m2\repository\org\sonatype\sisu\sisu-inject-plexus\1.4.2\sisu-inject-plexus-1.4.2.jar;D:\Users\XP.Chaitanya.Buddi\.m2\repository\org\sonatype\sisu\sisu-inject-bean\1.4.2\sisu-inject-bean-1.4.2.jar;D:\Users\XP.Chaitanya.Buddi\.m2\repository\org\sonatype\sisu\sisu-guice\2.1.7\sisu-guice-2.1.7-noaop.jar;D:\Users\XP.Chaitanya.Buddi\.m2\repository\org\apache\maven\maven-artifact\3.0\maven-artifact-3.0.jar;D:\Users\XP.Chaitanya.Buddi\.m2\repository\org\apache\maven\maven-core\3.0\maven-core-3.0.jar;D:\Users\XP.Chaitanya.Buddi\.m2\repository\org\apache\maven\maven-settings\3.0\maven-settings-3.0.jar;D:\Users\XP.Chaitanya.Buddi\.m2\repository\org\apache\maven\maven-settings-builder\3.0\maven-settings-builder-3.0.jar;D:\Users\XP.Chaitanya.Buddi\.m2\repository\org\apache\maven\maven-repository-metadata\3.0\maven-repository-metadata-3.0.jar;D:\Users\XP.Chaitanya.Buddi\.m2\repository\org\apache\maven\maven-model-builder\3.0\maven-model-builder-3.0.jar;D:\Users\XP.Chaitanya.Buddi\.m2\repository\org\apache\maven\maven-aether-provider\3.0\maven-aether-provider-3.0.jar;D:\Users\XP.Chaitanya.Buddi\.m2\repository\org\sonatype\aether\aether-impl\1.7\aether-impl-1.7.jar;D:\Users\XP.Chaitanya.Buddi\.m2\repository\org\sonatype\aether\aether-spi\1.7\aether-spi-1.7.jar;D:\Users\XP.Chaitanya.Buddi\.m2\repository\org\sonatype\aether\aether-api\1.7\aether-api-1.7.jar;D:\Users\XP.Chaitanya.Buddi\.m2\repository\org\sonatype\aether\aether-util\1.7\aether-util-1.7.jar;D:\Users\XP.Chaitanya.Buddi\.m2\repository\org\codehaus\plexus\plexus-interpolation\1.14\plexus-interpolation-1.14.jar;D:\Users\XP.Chaitanya.Buddi\.m2\repository\org\codehaus\plexus\plexus-classworlds\2.2.3\plexus-classworlds-2.2.3.jar;D:\Users\XP.Chaitanya.Buddi\.m2\repository\org\codehaus\plexus\plexus-component-annotations\1.5.5\plexus-component-annotations-1.5.5.jar;D:\Users\XP.Chaitanya.Buddi\.m2\repository\org\sonatype\plexus\plexus-sec-dispatcher\1.3\plexus-sec-dispatcher-1.3.jar;D:\Users\XP.Chaitanya.Buddi\.m2\repository\org\sonatype\plexus\plexus-cipher\1.4\plexus-cipher-1.4.jar;D:\Users\XP.Chaitanya.Buddi\.m2\repository\org\apache\maven\shared\maven-shared-utils\3.2.1\maven-shared-utils-3.2.1.jar;D:\Users\XP.Chaitanya.Buddi\.m2\repository\org\apache\maven\shared\maven-shared-incremental\1.1\maven-shared-incremental-1.1.jar;D:\Users\XP.Chaitanya.Buddi\.m2\repository\org\codehaus\plexus\plexus-java\0.9.10\plexus-java-0.9.10.jar;D:\Users\XP.Chaitanya.Buddi\.m2\repository\com\thoughtworks\qdox\qdox\2.0-M8\qdox-2.0-M8.jar;D:\Users\XP.Chaitanya.Buddi\.m2\repository\org\codehaus\plexus\plexus-compiler-api\2.8.4\plexus-compiler-api-2.8.4.jar;D:\Users\XP.Chaitanya.Buddi\.m2\repository\org\codehaus\plexus\plexus-compiler-manager\2.8.4\plexus-compiler-manager-2.8.4.jar;D:\Users\XP.Chaitanya.Buddi\.m2\repository\org\codehaus\plexus\plexus-compiler-javac\2.8.4\plexus-compiler-javac-2.8.4.jar;D:\Users\XP.Chaitanya.Buddi\.m2\repository\junit\junit\4.13.2\junit-4.13.2.jar;D:\Users\XP.Chaitanya.Buddi\.m2\repository\io\cucumber\cucumber-core\6.11.0\cucumber-core-6.11.0.jar;D:\Users\XP.Chaitanya.Buddi\.m2\repository\io\cucumber\cucumber-gherkin\6.11.0\cucumber-gherkin-6.11.0.jar;D:\Users\XP.Chaitanya.Buddi\.m2\repository\io\cucumber\cucumber-gherkin-messages\6.11.0\cucumber-gherkin-messages-6.11.0.jar;D:\Users\XP.Chaitanya.Buddi\.m2\repository\io\cucumber\messages\15.0.0\messages-15.0.0.jar;D:\Users\XP.Chaitanya.Buddi\.m2\repository\io\cucumber\tag-expressions\3.0.1\tag-expressions-3.0.1.jar;D:\Users\XP.Chaitanya.Buddi\.m2\repository\io\cucumber\cucumber-expressions\10.3.0\cucumber-expressions-10.3.0.jar;D:\Users\XP.Chaitanya.Buddi\.m2\repository\io\cucumber\datatable\3.5.0\datatable-3.5.0.jar;D:\Users\XP.Chaitanya.Buddi\.m2\repository\io\cucumber\cucumber-plugin\6.11.0\cucumber-plugin-6.11.0.jar;D:\Users\XP.Chaitanya.Buddi\.m2\repository\io\cucumber\docstring\6.11.0\docstring-6.11.0.jar;D:\Users\XP.Chaitanya.Buddi\.m2\repository\io\cucumber\html-formatter\13.0.0\html-formatter-13.0.0.jar;D:\Users\XP.Chaitanya.Buddi\.m2\repository\io\cucumber\create-meta\4.0.0\create-meta-4.0.0.jar;D:\Users\XP.Chaitanya.Buddi\.m2\repository\org\apiguardian\apiguardian-api\1.1.2\apiguardian-api-1.1.2.jar;D:\Users\XP.Chaitanya.Buddi\.m2\repository\io\cucumber\cucumber-html\0.2.7\cucumber-html-0.2.7.jar;D:\Users\XP.Chaitanya.Buddi\.m2\repository\net\sourceforge\cobertura\cobertura\2.1.1\cobertura-2.1.1.jar;D:\Users\XP.Chaitanya.Buddi\.m2\repository\org\ow2\asm\asm\5.0.1\asm-5.0.1.jar;D:\Users\XP.Chaitanya.Buddi\.m2\repository\org\ow2\asm\asm-tree\5.0.1\asm-tree-5.0.1.jar;D:\Users\XP.Chaitanya.Buddi\.m2\repository\org\ow2\asm\asm-commons\5.0.1\asm-commons-5.0.1.jar;D:\Users\XP.Chaitanya.Buddi\.m2\repository\org\ow2\asm\asm-util\5.0.1\asm-util-5.0.1.jar;D:\Users\XP.Chaitanya.Buddi\.m2\repository\org\ow2\asm\asm-analysis\5.0.1\asm-analysis-5.0.1.jar;D:\Users\XP.Chaitanya.Buddi\.m2\repository\oro\oro\2.0.8\oro-2.0.8.jar;D:\Users\XP.Chaitanya.Buddi\.m2\repository\jaxen\jaxen\1.1.4\jaxen-1.1.4.jar;D:\Users\XP.Chaitanya.Buddi\.m2\repository\org\apache\ant\ant\1.8.3\ant-1.8.3.jar;D:\Users\XP.Chaitanya.Buddi\.m2\repository\org\apache\ant\ant-launcher\1.8.3\ant-launcher-1.8.3.jar;D:\Users\XP.Chaitanya.Buddi\.m2\repository\org\apache\ant\ant-junit\1.8.3\ant-junit-1.8.3.jar;D:\Users\XP.Chaitanya.Buddi\.m2\repository\org\mortbay\jetty\servlet-api-2.5\6.1.14\servlet-api-2.5-6.1.14.jar;D:\Users\XP.Chaitanya.Buddi\.m2\repository\org\mortbay\jetty\jetty\6.1.14\jetty-6.1.14.jar;D:\Users\XP.Chaitanya.Buddi\.m2\repository\org\mortbay\jetty\jetty-util\6.1.14\jetty-util-6.1.14.jar;D:\Users\XP.Chaitanya.Buddi\.m2\repository\org\slf4j\slf4j-api\1.7.5\slf4j-api-1.7.5.jar;D:\Users\XP.Chaitanya.Buddi\.m2\repository\ch\qos\logback\logback-classic\1.0.13\logback-classic-1.0.13.jar;D:\Users\XP.Chaitanya.Buddi\.m2\repository\ch\qos\logback\logback-core\1.0.13\logback-core-1.0.13.jar;D:\Users\XP.Chaitanya.Buddi\.m2\repository\org\apache\commons\commons-lang3\3.3.2\commons-lang3-3.3.2.jar;D:\Users\XP.Chaitanya.Buddi\.m2\repository\io\cucumber\cucumber-java\6.11.0\cucumber-java-6.11.0.jar;D:\Users\XP.Chaitanya.Buddi\.m2\repository\io\cucumber\cucumber-junit\6.11.0\cucumber-junit-6.11.0.jar;D:\Users\XP.Chaitanya.Buddi\.m2\repository\io\cucumber\cucumber-jvm-deps\1.0.6\cucumber-jvm-deps-1.0.6.jar;D:\Users\XP.Chaitanya.Buddi\.m2\repository\net\masterthought\cucumber-reporting\5.6.0\cucumber-reporting-5.6.0.jar;D:\Users\XP.Chaitanya.Buddi\.m2\repository\com\fasterxml\jackson\core\jackson-databind\2.12.1\jackson-databind-2.12.1.jar;D:\Users\XP.Chaitanya.Buddi\.m2\repository\com\fasterxml\jackson\core\jackson-annotations\2.12.1\jackson-annotations-2.12.1.jar;D:\Users\XP.Chaitanya.Buddi\.m2\repository\com\fasterxml\jackson\core\jackson-core\2.12.1\jackson-core-2.12.1.jar;D:\Users\XP.Chaitanya.Buddi\.m2\repository\com\fasterxml\jackson\datatype\jackson-datatype-jsr310\2.12.1\jackson-datatype-jsr310-2.12.1.jar;D:\Users\XP.Chaitanya.Buddi\.m2\repository\org\apache\velocity\velocity-engine-core\2.3\velocity-engine-core-2.3.jar;D:\Users\XP.Chaitanya.Buddi\.m2\repository\commons-collections\commons-collections\3.2.2\commons-collections-3.2.2.jar;D:\Users\XP.Chaitanya.Buddi\.m2\repository\joda-time\joda-time\2.10.10\joda-time-2.10.10.jar;D:\Users\XP.Chaitanya.Buddi\.m2\repository\commons-io\commons-io\2.7\commons-io-2.7.jar;D:\Users\XP.Chaitanya.Buddi\.m2\repository\org\codehaus\plexus\plexus-utils\3.3.0\plexus-utils-3.3.0.jar;D:\Users\XP.Chaitanya.Buddi\.m2\repository\org\jsoup\jsoup\1.14.2\jsoup-1.14.2.jar;D:\Users\XP.Chaitanya.Buddi\.m2\repository\com\google\guava\guava\30.1.1-jre\guava-30.1.1-jre.jar;D:\Users\XP.Chaitanya.Buddi\.m2\repository\com\google\guava\failureaccess\1.0.1\failureaccess-1.0.1.jar;D:\Users\XP.Chaitanya.Buddi\.m2\repository\com\google\guava\listenablefuture\9999.0-empty-to-avoid-conflict-with-guava\listenablefuture-9999.0-empty-to-avoid-conflict-with-guava.jar;D:\Users\XP.Chaitanya.Buddi\.m2\repository\com\google\code\findbugs\jsr305\3.0.2\jsr305-3.0.2.jar;D:\Users\XP.Chaitanya.Buddi\.m2\repository\org\checkerframework\checker-qual\3.8.0\checker-qual-3.8.0.jar;D:\Users\XP.Chaitanya.Buddi\.m2\repository\com\google\errorprone\error_prone_annotations\2.5.1\error_prone_annotations-2.5.1.jar;D:\Users\XP.Chaitanya.Buddi\.m2\repository\com\google\j2objc\j2objc-annotations\1.3\j2objc-annotations-1.3.jar;D:\Users\XP.Chaitanya.Buddi\.m2\repository\com\googlecode\owasp-java-html-sanitizer\owasp-java-html-sanitizer\20200713.1\owasp-java-html-sanitizer-20200713.1.jar;D:\Users\XP.Chaitanya.Buddi\.m2\repository\commons-configuration\commons-configuration\1.10\commons-configuration-1.10.jar;D:\Users\XP.Chaitanya.Buddi\.m2\repository\commons-lang\commons-lang\2.6\commons-lang-2.6.jar;D:\Users\XP.Chaitanya.Buddi\.m2\repository\commons-logging\commons-logging\1.1.1\commons-logging-1.1.1.jar;D:\Users\XP.Chaitanya.Buddi\.m2\repository\org\hamcrest\hamcrest-core\2.2\hamcrest-core-2.2.jar;D:\Users\XP.Chaitanya.Buddi\.m2\repository\org\hamcrest\hamcrest\2.2\hamcrest-2.2.jar;D:\Users\XP.Chaitanya.Buddi\.m2\repository\io\cucumber\gherkin\5.1.0\gherkin-5.1.0.jar;D:\Users\XP.Chaitanya.Buddi\.m2\repository\io\cucumber\gherkin-jvm-deps\1.0.4\gherkin-jvm-deps-1.0.4.jar;C:\Program Files\Java\jdk1.8.0_301\lib\tools.jar;D:\Users\XP.Chaitanya.Buddi\.m2\repository\org\seleniumhq\selenium\selenium-java\3.141.59\selenium-java-3.141.59.jar;D:\Users\XP.Chaitanya.Buddi\.m2\repository\org\seleniumhq\selenium\selenium-api\3.141.59\selenium-api-3.141.59.jar;D:\Users\XP.Chaitanya.Buddi\.m2\repository\org\seleniumhq\selenium\selenium-chrome-driver\3.141.59\selenium-chrome-driver-3.141.59.jar;D:\Users\XP.Chaitanya.Buddi\.m2\repository\org\seleniumhq\selenium\selenium-edge-driver\3.141.59\selenium-edge-driver-3.141.59.jar;D:\Users\XP.Chaitanya.Buddi\.m2\repository\org\seleniumhq\selenium\selenium-firefox-driver\3.141.59\selenium-firefox-driver-3.141.59.jar;D:\Users\XP.Chaitanya.Buddi\.m2\repository\org\seleniumhq\selenium\selenium-ie-driver\3.141.59\selenium-ie-driver-3.141.59.jar;D:\Users\XP.Chaitanya.Buddi\.m2\repository\org\seleniumhq\selenium\selenium-opera-driver\3.141.59\selenium-opera-driver-3.141.59.jar;D:\Users\XP.Chaitanya.Buddi\.m2\repository\org\seleniumhq\selenium\selenium-remote-driver\3.141.59\selenium-remote-driver-3.141.59.jar;D:\Users\XP.Chaitanya.Buddi\.m2\repository\org\seleniumhq\selenium\selenium-safari-driver\3.141.59\selenium-safari-driver-3.141.59.jar;D:\Users\XP.Chaitanya.Buddi\.m2\repository\org\seleniumhq\selenium\selenium-support\3.141.59\selenium-support-3.141.59.jar;D:\Users\XP.Chaitanya.Buddi\.m2\repository\net\bytebuddy\byte-buddy\1.8.15\byte-buddy-1.8.15.jar;D:\Users\XP.Chaitanya.Buddi\.m2\repository\org\apache\commons\commons-exec\1.3\commons-exec-1.3.jar;D:\Users\XP.Chaitanya.Buddi\.m2\repository\com\squareup\okhttp3\okhttp\3.11.0\okhttp-3.11.0.jar;D:\Users\XP.Chaitanya.Buddi\.m2\repository\com\squareup\okio\okio\1.14.0\okio-1.14.0.jar;D:\Users\XP.Chaitanya.Buddi\.m2\repository\log4j\log4j\1.2.17\log4j-1.2.17.jar;"/>
    <property name="java.vm.vendor" value="Oracle Corporation"/>
    <property name="sun.arch.data.model" value="64"/>
    <property name="user.variant" value=""/>
    <property name="java.vendor.url" value="http://java.oracle.com/"/>
    <property name="user.timezone" value="Asia/Calcutta"/>
    <property name="java.vm.specification.version" value="1.8"/>
    <property name="os.name" value="Windows 10"/>
    <property name="user.country" value="US"/>
    <property name="sun.java.launcher" value="SUN_STANDARD"/>
    <property name="sun.boot.library.path" value="C:\Program Files\Java\jdk1.8.0_301\jre\bin"/>
    <property name="sun.java.command" value="D:\Users\XP.Chaitanya.Buddi\AppData\Local\Temp\surefire9198180932282544044\surefirebooter687976330771468136.jar D:\Users\XP.Chaitanya.Buddi\AppData\Local\Temp\surefire9198180932282544044 2021-09-21T17-49-02_130-jvmRun1 surefire6529639479894849703tmp surefire_03389089490109405527tmp"/>
    <property name="surefire.test.class.path" value="D:\Users\XP.Chaitanya.Buddi\eclipse-workspace\SeleniumCucumber\target\test-classes;D:\Users\XP.Chaitanya.Buddi\eclipse-workspace\SeleniumCucumber\target\classes;D:\Users\XP.Chaitanya.Buddi\.m2\repository\org\apache\maven\plugins\maven-compiler-plugin\3.8.1\maven-compiler-plugin-3.8.1.jar;D:\Users\XP.Chaitanya.Buddi\.m2\repository\org\apache\maven\maven-plugin-api\3.0\maven-plugin-api-3.0.jar;D:\Users\XP.Chaitanya.Buddi\.m2\repository\org\apache\maven\maven-model\3.0\maven-model-3.0.jar;D:\Users\XP.Chaitanya.Buddi\.m2\repository\org\sonatype\sisu\sisu-inject-plexus\1.4.2\sisu-inject-plexus-1.4.2.jar;D:\Users\XP.Chaitanya.Buddi\.m2\repository\org\sonatype\sisu\sisu-inject-bean\1.4.2\sisu-inject-bean-1.4.2.jar;D:\Users\XP.Chaitanya.Buddi\.m2\repository\org\sonatype\sisu\sisu-guice\2.1.7\sisu-guice-2.1.7-noaop.jar;D:\Users\XP.Chaitanya.Buddi\.m2\repository\org\apache\maven\maven-artifact\3.0\maven-artifact-3.0.jar;D:\Users\XP.Chaitanya.Buddi\.m2\repository\org\apache\maven\maven-core\3.0\maven-core-3.0.jar;D:\Users\XP.Chaitanya.Buddi\.m2\repository\org\apache\maven\maven-settings\3.0\maven-settings-3.0.jar;D:\Users\XP.Chaitanya.Buddi\.m2\repository\org\apache\maven\maven-settings-builder\3.0\maven-settings-builder-3.0.jar;D:\Users\XP.Chaitanya.Buddi\.m2\repository\org\apache\maven\maven-repository-metadata\3.0\maven-repository-metadata-3.0.jar;D:\Users\XP.Chaitanya.Buddi\.m2\repository\org\apache\maven\maven-model-builder\3.0\maven-model-builder-3.0.jar;D:\Users\XP.Chaitanya.Buddi\.m2\repository\org\apache\maven\maven-aether-provider\3.0\maven-aether-provider-3.0.jar;D:\Users\XP.Chaitanya.Buddi\.m2\repository\org\sonatype\aether\aether-impl\1.7\aether-impl-1.7.jar;D:\Users\XP.Chaitanya.Buddi\.m2\repository\org\sonatype\aether\aether-spi\1.7\aether-spi-1.7.jar;D:\Users\XP.Chaitanya.Buddi\.m2\repository\org\sonatype\aether\aether-api\1.7\aether-api-1.7.jar;D:\Users\XP.Chaitanya.Buddi\.m2\repository\org\sonatype\aether\aether-util\1.7\aether-util-1.7.jar;D:\Users\XP.Chaitanya.Buddi\.m2\repository\org\codehaus\plexus\plexus-interpolation\1.14\plexus-interpolation-1.14.jar;D:\Users\XP.Chaitanya.Buddi\.m2\repository\org\codehaus\plexus\plexus-classworlds\2.2.3\plexus-classworlds-2.2.3.jar;D:\Users\XP.Chaitanya.Buddi\.m2\repository\org\codehaus\plexus\plexus-component-annotations\1.5.5\plexus-component-annotations-1.5.5.jar;D:\Users\XP.Chaitanya.Buddi\.m2\repository\org\sonatype\plexus\plexus-sec-dispatcher\1.3\plexus-sec-dispatcher-1.3.jar;D:\Users\XP.Chaitanya.Buddi\.m2\repository\org\sonatype\plexus\plexus-cipher\1.4\plexus-cipher-1.4.jar;D:\Users\XP.Chaitanya.Buddi\.m2\repository\org\apache\maven\shared\maven-shared-utils\3.2.1\maven-shared-utils-3.2.1.jar;D:\Users\XP.Chaitanya.Buddi\.m2\repository\org\apache\maven\shared\maven-shared-incremental\1.1\maven-shared-incremental-1.1.jar;D:\Users\XP.Chaitanya.Buddi\.m2\repository\org\codehaus\plexus\plexus-java\0.9.10\plexus-java-0.9.10.jar;D:\Users\XP.Chaitanya.Buddi\.m2\repository\com\thoughtworks\qdox\qdox\2.0-M8\qdox-2.0-M8.jar;D:\Users\XP.Chaitanya.Buddi\.m2\repository\org\codehaus\plexus\plexus-compiler-api\2.8.4\plexus-compiler-api-2.8.4.jar;D:\Users\XP.Chaitanya.Buddi\.m2\repository\org\codehaus\plexus\plexus-compiler-manager\2.8.4\plexus-compiler-manager-2.8.4.jar;D:\Users\XP.Chaitanya.Buddi\.m2\repository\org\codehaus\plexus\plexus-compiler-javac\2.8.4\plexus-compiler-javac-2.8.4.jar;D:\Users\XP.Chaitanya.Buddi\.m2\repository\junit\junit\4.13.2\junit-4.13.2.jar;D:\Users\XP.Chaitanya.Buddi\.m2\repository\io\cucumber\cucumber-core\6.11.0\cucumber-core-6.11.0.jar;D:\Users\XP.Chaitanya.Buddi\.m2\repository\io\cucumber\cucumber-gherkin\6.11.0\cucumber-gherkin-6.11.0.jar;D:\Users\XP.Chaitanya.Buddi\.m2\repository\io\cucumber\cucumber-gherkin-messages\6.11.0\cucumber-gherkin-messages-6.11.0.jar;D:\Users\XP.Chaitanya.Buddi\.m2\repository\io\cucumber\messages\15.0.0\messages-15.0.0.jar;D:\Users\XP.Chaitanya.Buddi\.m2\repository\io\cucumber\tag-expressions\3.0.1\tag-expressions-3.0.1.jar;D:\Users\XP.Chaitanya.Buddi\.m2\repository\io\cucumber\cucumber-expressions\10.3.0\cucumber-expressions-10.3.0.jar;D:\Users\XP.Chaitanya.Buddi\.m2\repository\io\cucumber\datatable\3.5.0\datatable-3.5.0.jar;D:\Users\XP.Chaitanya.Buddi\.m2\repository\io\cucumber\cucumber-plugin\6.11.0\cucumber-plugin-6.11.0.jar;D:\Users\XP.Chaitanya.Buddi\.m2\repository\io\cucumber\docstring\6.11.0\docstring-6.11.0.jar;D:\Users\XP.Chaitanya.Buddi\.m2\repository\io\cucumber\html-formatter\13.0.0\html-formatter-13.0.0.jar;D:\Users\XP.Chaitanya.Buddi\.m2\repository\io\cucumber\create-meta\4.0.0\create-meta-4.0.0.jar;D:\Users\XP.Chaitanya.Buddi\.m2\repository\org\apiguardian\apiguardian-api\1.1.2\apiguardian-api-1.1.2.jar;D:\Users\XP.Chaitanya.Buddi\.m2\repository\io\cucumber\cucumber-html\0.2.7\cucumber-html-0.2.7.jar;D:\Users\XP.Chaitanya.Buddi\.m2\repository\net\sourceforge\cobertura\cobertura\2.1.1\cobertura-2.1.1.jar;D:\Users\XP.Chaitanya.Buddi\.m2\repository\org\ow2\asm\asm\5.0.1\asm-5.0.1.jar;D:\Users\XP.Chaitanya.Buddi\.m2\repository\org\ow2\asm\asm-tree\5.0.1\asm-tree-5.0.1.jar;D:\Users\XP.Chaitanya.Buddi\.m2\repository\org\ow2\asm\asm-commons\5.0.1\asm-commons-5.0.1.jar;D:\Users\XP.Chaitanya.Buddi\.m2\repository\org\ow2\asm\asm-util\5.0.1\asm-util-5.0.1.jar;D:\Users\XP.Chaitanya.Buddi\.m2\repository\org\ow2\asm\asm-analysis\5.0.1\asm-analysis-5.0.1.jar;D:\Users\XP.Chaitanya.Buddi\.m2\repository\oro\oro\2.0.8\oro-2.0.8.jar;D:\Users\XP.Chaitanya.Buddi\.m2\repository\jaxen\jaxen\1.1.4\jaxen-1.1.4.jar;D:\Users\XP.Chaitanya.Buddi\.m2\repository\org\apache\ant\ant\1.8.3\ant-1.8.3.jar;D:\Users\XP.Chaitanya.Buddi\.m2\repository\org\apache\ant\ant-launcher\1.8.3\ant-launcher-1.8.3.jar;D:\Users\XP.Chaitanya.Buddi\.m2\repository\org\apache\ant\ant-junit\1.8.3\ant-junit-1.8.3.jar;D:\Users\XP.Chaitanya.Buddi\.m2\repository\org\mortbay\jetty\servlet-api-2.5\6.1.14\servlet-api-2.5-6.1.14.jar;D:\Users\XP.Chaitanya.Buddi\.m2\repository\org\mortbay\jetty\jetty\6.1.14\jetty-6.1.14.jar;D:\Users\XP.Chaitanya.Buddi\.m2\repository\org\mortbay\jetty\jetty-util\6.1.14\jetty-util-6.1.14.jar;D:\Users\XP.Chaitanya.Buddi\.m2\repository\org\slf4j\slf4j-api\1.7.5\slf4j-api-1.7.5.jar;D:\Users\XP.Chaitanya.Buddi\.m2\repository\ch\qos\logback\logback-classic\1.0.13\logback-classic-1.0.13.jar;D:\Users\XP.Chaitanya.Buddi\.m2\repository\ch\qos\logback\logback-core\1.0.13\logback-core-1.0.13.jar;D:\Users\XP.Chaitanya.Buddi\.m2\repository\org\apache\commons\commons-lang3\3.3.2\commons-lang3-3.3.2.jar;D:\Users\XP.Chaitanya.Buddi\.m2\repository\io\cucumber\cucumber-java\6.11.0\cucumber-java-6.11.0.jar;D:\Users\XP.Chaitanya.Buddi\.m2\repository\io\cucumber\cucumber-junit\6.11.0\cucumber-junit-6.11.0.jar;D:\Users\XP.Chaitanya.Buddi\.m2\repository\io\cucumber\cucumber-jvm-deps\1.0.6\cucumber-jvm-deps-1.0.6.jar;D:\Users\XP.Chaitanya.Buddi\.m2\repository\net\masterthought\cucumber-reporting\5.6.0\cucumber-reporting-5.6.0.jar;D:\Users\XP.Chaitanya.Buddi\.m2\repository\com\fasterxml\jackson\core\jackson-databind\2.12.1\jackson-databind-2.12.1.jar;D:\Users\XP.Chaitanya.Buddi\.m2\repository\com\fasterxml\jackson\core\jackson-annotations\2.12.1\jackson-annotations-2.12.1.jar;D:\Users\XP.Chaitanya.Buddi\.m2\repository\com\fasterxml\jackson\core\jackson-core\2.12.1\jackson-core-2.12.1.jar;D:\Users\XP.Chaitanya.Buddi\.m2\repository\com\fasterxml\jackson\datatype\jackson-datatype-jsr310\2.12.1\jackson-datatype-jsr310-2.12.1.jar;D:\Users\XP.Chaitanya.Buddi\.m2\repository\org\apache\velocity\velocity-engine-core\2.3\velocity-engine-core-2.3.jar;D:\Users\XP.Chaitanya.Buddi\.m2\repository\commons-collections\commons-collections\3.2.2\commons-collections-3.2.2.jar;D:\Users\XP.Chaitanya.Buddi\.m2\repository\joda-time\joda-time\2.10.10\joda-time-2.10.10.jar;D:\Users\XP.Chaitanya.Buddi\.m2\repository\commons-io\commons-io\2.7\commons-io-2.7.jar;D:\Users\XP.Chaitanya.Buddi\.m2\repository\org\codehaus\plexus\plexus-utils\3.3.0\plexus-utils-3.3.0.jar;D:\Users\XP.Chaitanya.Buddi\.m2\repository\org\jsoup\jsoup\1.14.2\jsoup-1.14.2.jar;D:\Users\XP.Chaitanya.Buddi\.m2\repository\com\google\guava\guava\30.1.1-jre\guava-30.1.1-jre.jar;D:\Users\XP.Chaitanya.Buddi\.m2\repository\com\google\guava\failureaccess\1.0.1\failureaccess-1.0.1.jar;D:\Users\XP.Chaitanya.Buddi\.m2\repository\com\google\guava\listenablefuture\9999.0-empty-to-avoid-conflict-with-guava\listenablefuture-9999.0-empty-to-avoid-conflict-with-guava.jar;D:\Users\XP.Chaitanya.Buddi\.m2\repository\com\google\code\findbugs\jsr305\3.0.2\jsr305-3.0.2.jar;D:\Users\XP.Chaitanya.Buddi\.m2\repository\org\checkerframework\checker-qual\3.8.0\checker-qual-3.8.0.jar;D:\Users\XP.Chaitanya.Buddi\.m2\repository\com\google\errorprone\error_prone_annotations\2.5.1\error_prone_annotations-2.5.1.jar;D:\Users\XP.Chaitanya.Buddi\.m2\repository\com\google\j2objc\j2objc-annotations\1.3\j2objc-annotations-1.3.jar;D:\Users\XP.Chaitanya.Buddi\.m2\repository\com\googlecode\owasp-java-html-sanitizer\owasp-java-html-sanitizer\20200713.1\owasp-java-html-sanitizer-20200713.1.jar;D:\Users\XP.Chaitanya.Buddi\.m2\repository\commons-configuration\commons-configuration\1.10\commons-configuration-1.10.jar;D:\Users\XP.Chaitanya.Buddi\.m2\repository\commons-lang\commons-lang\2.6\commons-lang-2.6.jar;D:\Users\XP.Chaitanya.Buddi\.m2\repository\commons-logging\commons-logging\1.1.1\commons-logging-1.1.1.jar;D:\Users\XP.Chaitanya.Buddi\.m2\repository\org\hamcrest\hamcrest-core\2.2\hamcrest-core-2.2.jar;D:\Users\XP.Chaitanya.Buddi\.m2\repository\org\hamcrest\hamcrest\2.2\hamcrest-2.2.jar;D:\Users\XP.Chaitanya.Buddi\.m2\repository\io\cucumber\gherkin\5.1.0\gherkin-5.1.0.jar;D:\Users\XP.Chaitanya.Buddi\.m2\repository\io\cucumber\gherkin-jvm-deps\1.0.4\gherkin-jvm-deps-1.0.4.jar;C:\Program Files\Java\jdk1.8.0_301\lib\tools.jar;D:\Users\XP.Chaitanya.Buddi\.m2\repository\org\seleniumhq\selenium\selenium-java\3.141.59\selenium-java-3.141.59.jar;D:\Users\XP.Chaitanya.Buddi\.m2\repository\org\seleniumhq\selenium\selenium-api\3.141.59\selenium-api-3.141.59.jar;D:\Users\XP.Chaitanya.Buddi\.m2\repository\org\seleniumhq\selenium\selenium-chrome-driver\3.141.59\selenium-chrome-driver-3.141.59.jar;D:\Users\XP.Chaitanya.Buddi\.m2\repository\org\seleniumhq\selenium\selenium-edge-driver\3.141.59\selenium-edge-driver-3.141.59.jar;D:\Users\XP.Chaitanya.Buddi\.m2\repository\org\seleniumhq\selenium\selenium-firefox-driver\3.141.59\selenium-firefox-driver-3.141.59.jar;D:\Users\XP.Chaitanya.Buddi\.m2\repository\org\seleniumhq\selenium\selenium-ie-driver\3.141.59\selenium-ie-driver-3.141.59.jar;D:\Users\XP.Chaitanya.Buddi\.m2\repository\org\seleniumhq\selenium\selenium-opera-driver\3.141.59\selenium-opera-driver-3.141.59.jar;D:\Users\XP.Chaitanya.Buddi\.m2\repository\org\seleniumhq\selenium\selenium-remote-driver\3.141.59\selenium-remote-driver-3.141.59.jar;D:\Users\XP.Chaitanya.Buddi\.m2\repository\org\seleniumhq\selenium\selenium-safari-driver\3.141.59\selenium-safari-driver-3.141.59.jar;D:\Users\XP.Chaitanya.Buddi\.m2\repository\org\seleniumhq\selenium\selenium-support\3.141.59\selenium-support-3.141.59.jar;D:\Users\XP.Chaitanya.Buddi\.m2\repository\net\bytebuddy\byte-buddy\1.8.15\byte-buddy-1.8.15.jar;D:\Users\XP.Chaitanya.Buddi\.m2\repository\org\apache\commons\commons-exec\1.3\commons-exec-1.3.jar;D:\Users\XP.Chaitanya.Buddi\.m2\repository\com\squareup\okhttp3\okhttp\3.11.0\okhttp-3.11.0.jar;D:\Users\XP.Chaitanya.Buddi\.m2\repository\com\squareup\okio\okio\1.14.0\okio-1.14.0.jar;D:\Users\XP.Chaitanya.Buddi\.m2\repository\log4j\log4j\1.2.17\log4j-1.2.17.jar;"/>
    <property name="sun.cpu.endian" value="little"/>
    <property name="user.home" value="D:\Users\XP.Chaitanya.Buddi"/>
    <property name="user.language" value="en"/>
    <property name="java.specification.vendor" value="Oracle Corporation"/>
    <property name="java.home" value="C:\Program Files\Java\jdk1.8.0_301\jre"/>
    <property name="basedir" value="D:\Users\XP.Chaitanya.Buddi\eclipse-workspace\SeleniumCucumber"/>
    <property name="file.separator" value="\"/>
    <property name="line.separator" value="&#10;"/>
    <property name="java.vm.specification.vendor" value="Oracle Corporation"/>
    <property name="java.specification.name" value="Java Platform API Specification"/>
    <property name="java.awt.graphicsenv" value="sun.awt.Win32GraphicsEnvironment"/>
    <property name="surefire.real.class.path" value="D:\Users\XP.Chaitanya.Buddi\AppData\Local\Temp\surefire9198180932282544044\surefirebooter687976330771468136.jar"/>
    <property name="sun.boot.class.path" value="C:\Program Files\Java\jdk1.8.0_301\jre\lib\resources.jar;C:\Program Files\Java\jdk1.8.0_301\jre\lib\rt.jar;C:\Program Files\Java\jdk1.8.0_301\jre\lib\sunrsasign.jar;C:\Program Files\Java\jdk1.8.0_301\jre\lib\jsse.jar;C:\Program Files\Java\jdk1.8.0_301\jre\lib\jce.jar;C:\Program Files\Java\jdk1.8.0_301\jre\lib\charsets.jar;C:\Program Files\Java\jdk1.8.0_301\jre\lib\jfr.jar;C:\Program Files\Java\jdk1.8.0_301\jre\classes"/>
    <property name="user.script" value=""/>
    <property name="sun.management.compiler" value="HotSpot 64-Bit Tiered Compilers"/>
    <property name="java.runtime.version" value="1.8.0_301-b09"/>
    <property name="user.name" value="XP.Chaitanya.Buddi"/>
    <property name="path.separator" value=";"/>
    <property name="os.version" value="10.0"/>
    <property name="java.endorsed.dirs" value="C:\Program Files\Java\jdk1.8.0_301\jre\lib\endorsed"/>
    <property name="java.runtime.name" value="Java(TM) SE Runtime Environment"/>
    <property name="file.encoding" value="Cp1252"/>
    <property name="java.vm.name" value="Java HotSpot(TM) 64-Bit Server VM"/>
    <property name="localRepository" value="D:\Users\XP.Chaitanya.Buddi\.m2\repository"/>
    <property name="java.vendor.url.bug" value="http://bugreport.sun.com/bugreport/"/>
    <property name="java.io.tmpdir" value="D:\Users\XP.Chaitanya.Buddi\AppData\Local\Temp\"/>
    <property name="java.version" value="1.8.0_301"/>
    <property name="user.dir" value="D:\Users\XP.Chaitanya.Buddi\eclipse-workspace\SeleniumCucumber"/>
    <property name="os.arch" value="amd64"/>
    <property name="java.vm.specification.name" value="Java Virtual Machine Specification"/>
    <property name="java.awt.printerjob" value="sun.awt.windows.WPrinterJob"/>
    <property name="sun.os.patch.level" value=""/>
    <property name="java.library.path" value="C:\Program Files\Java\jdk1.8.0_301\jre\bin;C:\Windows\Sun\Java\bin;C:\Windows\system32;C:\Windows;C:\Program Files\Java\jdk1.8.0_301/bin;C:\Program Files\Java\jdk1.8.0_301/bin;C:\Program Files (x86)\Common Files\Oracle\Java\javapath;C:\Windows\system32;C:\Windows;C:\Windows\System32\Wbem;C:\Windows\System32\WindowsPowerShell\v1.0\;C:\Windows\System32\OpenSSH\;D:\Users\XP.Chaitanya.Buddi\AppData\Local\Microsoft\WindowsApps;D:\Users\XP.Chaitanya.Buddi\AppData\Local\Programs\Git\cmd;D:\Users\XP.Chaitanya.Buddi\AppData\Local\Programs\Microsoft VS Code\bin;D:\apache-maven-3.8.2-bin\apache-maven-3.8.2\bin;;."/>
    <property name="java.vm.info" value="mixed mode"/>
    <property name="java.vendor" value="Oracle Corporation"/>
    <property name="java.vm.version" value="25.301-b09"/>
    <property name="java.ext.dirs" value="C:\Program Files\Java\jdk1.8.0_301\jre\lib\ext;C:\Windows\Sun\Java\lib\ext"/>
    <property name="sun.io.unicode.encoding" value="UnicodeLittle"/>
    <property name="java.class.version" value="52.0"/>
  </properties>
  <testcase name="Add a new Customer" classname="Customers" time="25.015">
    <system-out><![CDATA[
@sanity
Scenario: Add a new Customer                                                                 # Features/Customers.feature:3
 INFO [main] (Steps.java:34)- launching chrome browser
  Given User Launch Chrome browser                                                           # stepDefinitions.Steps.user_launch_chrome_browser()
 INFO [main] (Steps.java:60)- opening the url
  And user opens URL "https://admin-demo.nopcommerce.com/login"                              # stepDefinitions.Steps.user_opens_url(java.lang.String)
 INFO [main] (Steps.java:68)- providing login details
  And user enters Email as "admin@yourstore.com" and password as "admin"                     # stepDefinitions.Steps.user_enters_email_as_and_password_as(java.lang.String,java.lang.String)
 INFO [main] (Steps.java:76)- clicked on ,login
  When user click on Login                                                                   # stepDefinitions.Steps.user_click_on_login()
  Then user can view Dashboard                                                               # stepDefinitions.Steps.user_can_view_dashboard()
  When user click on Customers Menu                                                          # stepDefinitions.Steps.user_click_on_customers_menu()
  And click on customers Menu Item                                                           # stepDefinitions.Steps.click_on_customers_menu_item()
  And user landed on Customers Page                                                          # stepDefinitions.Steps.user_landed_on_customers_page()
  And click on Add New Button                                                                # stepDefinitions.Steps.click_on_add_new_button()
  Then user can view Add new customer page                                                   # stepDefinitions.Steps.user_can_view_add_new_customer_page()
  When user enters customer info                                                             # stepDefinitions.Steps.user_enters_customer_info()
  And click on save button                                                                   # stepDefinitions.Steps.click_on_save_button()
  Then user can view confirmation message as "The new customer has been added successfully." # stepDefinitions.Steps.user_can_view_confirmation_message_as(java.lang.String)
 INFO [main] (Steps.java:104)- closed the browser
  And close browser                                                                          # stepDefinitions.Steps.close_browser()
]]></system-out>
    <system-err><![CDATA[Starting ChromeDriver 89.0.4389.23 (61b08ee2c50024bab004e48d2b1b083cdbdac579-refs/branch-heads/4389@{#294}) on port 39460
Only local connections are allowed.
Please see https://chromedriver.chromium.org/security-considerations for suggestions on keeping ChromeDriver safe.
ChromeDriver was started successfully.
Sep 21, 2021 5:49:10 PM org.openqa.selenium.remote.ProtocolHandshake createSession
INFO: Detected dialect: W3C
]]></system-err>
  </testcase>
  <testcase name="Successfull Login with Valid credentials #1" classname="Login" time="12.172">
    <system-out><![CDATA[
@sanity
Scenario: Successfull Login with Valid credentials                       # Features/Login.feature:3
 INFO [main] (Steps.java:34)- launching chrome browser
  Given User Launch Chrome browser                                       # stepDefinitions.Steps.user_launch_chrome_browser()
 INFO [main] (Steps.java:60)- opening the url
  And user opens URL "https://admin-demo.nopcommerce.com/login"          # stepDefinitions.Steps.user_opens_url(java.lang.String)
 INFO [main] (Steps.java:68)- providing login details
  And user enters Email as "admin@yourstore.com" and password as "admin" # stepDefinitions.Steps.user_enters_email_as_and_password_as(java.lang.String,java.lang.String)
 INFO [main] (Steps.java:76)- clicked on ,login
  When user click on Login                                               # stepDefinitions.Steps.user_click_on_login()
 INFO [main] (Steps.java:91)- Login passed
  Then page title should be "Dashboard / nopCommerce administration"     # stepDefinitions.Steps.page_title_should_be(java.lang.String)
 INFO [main] (Steps.java:98)- clicked on logout
  When user click on Logout link                                         # stepDefinitions.Steps.user_click_on_logout_link()
 INFO [main] (Steps.java:91)- Login passed
  Then page title should be "Your store. Login"                          # stepDefinitions.Steps.page_title_should_be(java.lang.String)
 INFO [main] (Steps.java:104)- closed the browser
  And close browser                                                      # stepDefinitions.Steps.close_browser()
]]></system-out>
    <system-err><![CDATA[Starting ChromeDriver 89.0.4389.23 (61b08ee2c50024bab004e48d2b1b083cdbdac579-refs/branch-heads/4389@{#294}) on port 11068
Only local connections are allowed.
Please see https://chromedriver.chromium.org/security-considerations for suggestions on keeping ChromeDriver safe.
ChromeDriver was started successfully.
Sep 21, 2021 5:49:34 PM org.openqa.selenium.remote.ProtocolHandshake createSession
INFO: Detected dialect: W3C
]]></system-err>
  </testcase>
</testsuite>