<?xml version="1.0" encoding="UTF-8"?>
<!-- Generated by org.testng.reporters.JUnitReportReporter -->
<testsuite skipped="0" hostname="DESKTOP-C4238HF" name="automation.RestAssured.DynamicJson" tests="3" failures="0" timestamp="2021-06-28T15:49:35 IST" time="4.733" errors="0">
  <testcase name="addBook" time="0.597" classname="automation.RestAssured.DynamicJson"/>
  <system-out/>
  <testcase name="addBook" time="3.531" classname="automation.RestAssured.DynamicJson"/>
  <system-out/>
  <testcase name="addBook" time="0.605" classname="automation.RestAssured.DynamicJson"/>
  <system-out/>
</testsuite> <!-- automation.RestAssured.DynamicJson -->
