<?xml version="1.0" encoding="UTF-8"?>
<!-- Generated by org.testng.reporters.JUnitReportReporter -->
<testsuite skipped="0" hostname="DESKTOP-C4238HF" name="test.Day4" tests="2" failures="0" timestamp="2021-06-19T07:27:20 IST" time="0.002" errors="0">
  <testcase name="day4afternoondemo" time="0.001" classname="test.Day4"/>
  <system-out/>
  <testcase name="day4mngdemo" time="0.001" classname="test.Day4"/>
  <system-out/>
</testsuite> <!-- test.Day4 -->
