<?xml version="1.0" encoding="UTF-8"?>
<!-- Generated by org.testng.reporters.JUnitReportReporter -->
<testsuite skipped="0" hostname="DESKTOP-C4238HF" name="test.Day3" tests="1" failures="0" timestamp="2021-06-18T10:18:09 IST" time="0.001" errors="0">
  <testcase name="day3mngdemo" time="0.001" classname="test.Day3"/>
  <system-out/>
</testsuite> <!-- test.Day3 -->
