<?xml version="1.0" encoding="UTF-8"?>
<!-- Generated by org.testng.reporters.JUnitReportReporter -->
<testsuite skipped="0" hostname="DESKTOP-C4238HF" name="test1.Day2" tests="2" failures="0" timestamp="2021-08-18T16:48:40 IST" time="0.004" errors="0">
  <testcase name="day2evngdemo" time="0.002" classname="test1.Day2"/>
  <system-out/>
  <testcase name="day2mngdemo" time="0.002" classname="test1.Day2"/>
  <system-out/>
</testsuite> <!-- test1.Day2 -->
