<?xml version="1.0" encoding="UTF-8"?>
<!-- Generated by org.testng.reporters.JUnitReportReporter -->
<testsuite skipped="0" hostname="DESKTOP-C4238HF" name="test1.Day4" tests="2" failures="0" timestamp="2021-08-18T16:48:40 IST" time="0.003" errors="0">
  <testcase name="day4evngdemo" time="0.001" classname="test1.Day4"/>
  <system-out/>
  <testcase name="day4mngdemo" time="0.002" classname="test1.Day4"/>
  <system-out/>
</testsuite> <!-- test1.Day4 -->
