<?xml version="1.0" encoding="UTF-8"?>
<!-- Generated by org.testng.reporters.JUnitReportReporter -->
<testsuite skipped="0" hostname="DESKTOP-C4238HF" name="test.Day2" tests="2" failures="0" timestamp="2021-06-19T07:27:20 IST" time="0.003" errors="0">
  <testcase name="day2mngdemo" time="0.001" classname="test.Day2"/>
  <system-out/>
  <testcase name="day2afternoondemo" time="0.002" classname="test.Day2"/>
  <system-out/>
</testsuite> <!-- test.Day2 -->
